빌드 시작: 2016-10-04 오후 6:15:54
     1>2 노드의 "C:\Users\kr001\Desktop\홍홍\2016 2학기\오픈소스SW공학\fightingGame\fightingGame.vcxproj" 프로젝트(Build 대상)입니다.
     1>Link:
         C:\Program Files (x86)\Microsoft Visual Studio 11.0\VC\bin\link.exe /ERRORREPORT:PROMPT /OUT:"C:\Users\kr001\Desktop\홍홍\2016 2학기\오픈소스SW공학\fightingGame\Debug\fightingGame.exe" /INCREMENTAL /NOLOGO flac.lib freetype.lib jpeg.lib ogg.lib openal32.lib "sfml-audio.lib" "sfml-audio-d.lib" kernel32.lib user32.lib gdi32.lib winspool.lib comdlg32.lib advapi32.lib shell32.lib ole32.lib oleaut32.lib uuid.lib odbc32.lib odbccp32.lib /MANIFEST /MANIFESTUAC:"level='asInvoker' uiAccess='false'" /manifest:embed /DEBUG /PDB:"C:\Users\kr001\Desktop\홍홍\2016 2학기\오픈소스SW공학\fightingGame\Debug\fightingGame.pdb" /SUBSYSTEM:CONSOLE /TLBID:1 /DYNAMICBASE /NXCOMPAT /IMPLIB:"C:\Users\kr001\Desktop\홍홍\2016 2학기\오픈소스SW공학\fightingGame\Debug\fightingGame.lib" /MACHINE:X86 Debug\character.obj
         Debug\game.obj
         Debug\main.obj
     1>character.obj : error LNK2019: "__declspec(dllimport) public: void __thiscall sf::Transformable::setOrigin(float,float)" (__imp_?setOrigin@Transformable@sf@@QAEXMM@Z) 외부 기호(참조 위치: "public: void __thiscall Character::LoadCharacter(class sf::Sprite &)" (?LoadCharacter@Character@@QAEXAAVSprite@sf@@@Z) 함수)에서 확인하지 못했습니다.
     1>main.obj : error LNK2001: "__declspec(dllimport) public: void __thiscall sf::Transformable::setOrigin(float,float)" (__imp_?setOrigin@Transformable@sf@@QAEXMM@Z) 외부 기호를 확인할 수 없습니다.
     1>character.obj : error LNK2019: "__declspec(dllimport) public: void __thiscall sf::Transformable::scale(float,float)" (__imp_?scale@Transformable@sf@@QAEXMM@Z) 외부 기호(참조 위치: "public: void __thiscall Character::LoadCharacter(class sf::Sprite &)" (?LoadCharacter@Character@@QAEXAAVSprite@sf@@@Z) 함수)에서 확인하지 못했습니다.
     1>character.obj : error LNK2019: "__declspec(dllimport) public: void __thiscall sf::Sprite::setTextureRect(class sf::Rect<int> const &)" (__imp_?setTextureRect@Sprite@sf@@QAEXABV?$Rect@H@2@@Z) 외부 기호(참조 위치: "public: void __thiscall Character::LoadCharacter(class sf::Sprite &)" (?LoadCharacter@Character@@QAEXAAVSprite@sf@@@Z) 함수)에서 확인하지 못했습니다.
     1>game.obj : error LNK2001: "__declspec(dllimport) public: void __thiscall sf::Sprite::setTextureRect(class sf::Rect<int> const &)" (__imp_?setTextureRect@Sprite@sf@@QAEXABV?$Rect@H@2@@Z) 외부 기호를 확인할 수 없습니다.
     1>game.obj : error LNK2019: "__declspec(dllimport) public: float __thiscall sf::Time::asSeconds(void)const " (__imp_?asSeconds@Time@sf@@QBEMXZ) 외부 기호(참조 위치: "public: int __thiscall Game::Run(void)" (?Run@Game@@QAEHXZ) 함수)에서 확인하지 못했습니다.
     1>game.obj : error LNK2019: "__declspec(dllimport) public: __thiscall sf::Clock::Clock(void)" (__imp_??0Clock@sf@@QAE@XZ) 외부 기호(참조 위치: "public: int __thiscall Game::Run(void)" (?Run@Game@@QAEHXZ) 함수)에서 확인하지 못했습니다.
     1>game.obj : error LNK2019: "__declspec(dllimport) public: class sf::Time __thiscall sf::Clock::restart(void)" (__imp_?restart@Clock@sf@@QAE?AVTime@2@XZ) 외부 기호(참조 위치: "public: int __thiscall Game::Run(void)" (?Run@Game@@QAEHXZ) 함수)에서 확인하지 못했습니다.
     1>game.obj : error LNK2019: "__declspec(dllimport) public: static bool __cdecl sf::Keyboard::isKeyPressed(enum sf::Keyboard::Key)" (__imp_?isKeyPressed@Keyboard@sf@@SA_NW4Key@12@@Z) 외부 기호(참조 위치: "public: int __thiscall Game::Run(void)" (?Run@Game@@QAEHXZ) 함수)에서 확인하지 못했습니다.
     1>main.obj : error LNK2001: "__declspec(dllimport) public: static bool __cdecl sf::Keyboard::isKeyPressed(enum sf::Keyboard::Key)" (__imp_?isKeyPressed@Keyboard@sf@@SA_NW4Key@12@@Z) 외부 기호를 확인할 수 없습니다.
     1>game.obj : error LNK2019: "__declspec(dllimport) public: void __thiscall sf::Window::close(void)" (__imp_?close@Window@sf@@QAEXXZ) 외부 기호(참조 위치: "public: int __thiscall Game::Run(void)" (?Run@Game@@QAEHXZ) 함수)에서 확인하지 못했습니다.
     1>main.obj : error LNK2001: "__declspec(dllimport) public: void __thiscall sf::Window::close(void)" (__imp_?close@Window@sf@@QAEXXZ) 외부 기호를 확인할 수 없습니다.
     1>game.obj : error LNK2019: "__declspec(dllimport) public: bool __thiscall sf::Window::isOpen(void)const " (__imp_?isOpen@Window@sf@@QBE_NXZ) 외부 기호(참조 위치: "public: int __thiscall Game::Run(void)" (?Run@Game@@QAEHXZ) 함수)에서 확인하지 못했습니다.
     1>main.obj : error LNK2001: "__declspec(dllimport) public: bool __thiscall sf::Window::isOpen(void)const " (__imp_?isOpen@Window@sf@@QBE_NXZ) 외부 기호를 확인할 수 없습니다.
     1>game.obj : error LNK2019: "__declspec(dllimport) public: bool __thiscall sf::Window::pollEvent(class sf::Event &)" (__imp_?pollEvent@Window@sf@@QAE_NAAVEvent@2@@Z) 외부 기호(참조 위치: "public: int __thiscall Game::Run(void)" (?Run@Game@@QAEHXZ) 함수)에서 확인하지 못했습니다.
     1>main.obj : error LNK2001: "__declspec(dllimport) public: bool __thiscall sf::Window::pollEvent(class sf::Event &)" (__imp_?pollEvent@Window@sf@@QAE_NAAVEvent@2@@Z) 외부 기호를 확인할 수 없습니다.
     1>game.obj : error LNK2019: "__declspec(dllimport) public: void __thiscall sf::Window::display(void)" (__imp_?display@Window@sf@@QAEXXZ) 외부 기호(참조 위치: "public: int __thiscall Game::Run(void)" (?Run@Game@@QAEHXZ) 함수)에서 확인하지 못했습니다.
     1>main.obj : error LNK2001: "__declspec(dllimport) public: void __thiscall sf::Window::display(void)" (__imp_?display@Window@sf@@QAEXXZ) 외부 기호를 확인할 수 없습니다.
     1>game.obj : error LNK2019: "__declspec(dllimport) public: void __thiscall sf::Transformable::setPosition(float,float)" (__imp_?setPosition@Transformable@sf@@QAEXMM@Z) 외부 기호(참조 위치: "public: int __thiscall Game::Run(void)" (?Run@Game@@QAEHXZ) 함수)에서 확인하지 못했습니다.
     1>main.obj : error LNK2001: "__declspec(dllimport) public: void __thiscall sf::Transformable::setPosition(float,float)" (__imp_?setPosition@Transformable@sf@@QAEXMM@Z) 외부 기호를 확인할 수 없습니다.
     1>game.obj : error LNK2019: "__declspec(dllimport) public: void __thiscall sf::Transformable::setScale(float,float)" (__imp_?setScale@Transformable@sf@@QAEXMM@Z) 외부 기호(참조 위치: "public: int __thiscall Game::Run(void)" (?Run@Game@@QAEHXZ) 함수)에서 확인하지 못했습니다.
     1>game.obj : error LNK2019: "__declspec(dllimport) public: __thiscall sf::Color::Color(unsigned char,unsigned char,unsigned char,unsigned char)" (__imp_??0Color@sf@@QAE@EEEE@Z) 외부 기호(참조 위치: "public: int __thiscall Game::Run(void)" (?Run@Game@@QAEHXZ) 함수)에서 확인하지 못했습니다.
     1>main.obj : error LNK2001: "__declspec(dllimport) public: __thiscall sf::Color::Color(unsigned char,unsigned char,unsigned char,unsigned char)" (__imp_??0Color@sf@@QAE@EEEE@Z) 외부 기호를 확인할 수 없습니다.
     1>game.obj : error LNK2019: "__declspec(dllimport) public: void __thiscall sf::Shape::setTexture(class sf::Texture const *,bool)" (__imp_?setTexture@Shape@sf@@QAEXPBVTexture@2@_N@Z) 외부 기호(참조 위치: "public: int __thiscall Game::Run(void)" (?Run@Game@@QAEHXZ) 함수)에서 확인하지 못했습니다.
     1>main.obj : error LNK2001: "__declspec(dllimport) public: void __thiscall sf::Shape::setTexture(class sf::Texture const *,bool)" (__imp_?setTexture@Shape@sf@@QAEXPBVTexture@2@_N@Z) 외부 기호를 확인할 수 없습니다.
     1>game.obj : error LNK2019: "__declspec(dllimport) public: void __thiscall sf::Shape::setFillColor(class sf::Color const &)" (__imp_?setFillColor@Shape@sf@@QAEXABVColor@2@@Z) 외부 기호(참조 위치: "public: int __thiscall Game::Run(void)" (?Run@Game@@QAEHXZ) 함수)에서 확인하지 못했습니다.
     1>game.obj : error LNK2019: "__declspec(dllimport) public: __thiscall sf::Texture::Texture(void)" (__imp_??0Texture@sf@@QAE@XZ) 외부 기호(참조 위치: "public: int __thiscall Game::Run(void)" (?Run@Game@@QAEHXZ) 함수)에서 확인하지 못했습니다.
     1>main.obj : error LNK2001: "__declspec(dllimport) public: __thiscall sf::Texture::Texture(void)" (__imp_??0Texture@sf@@QAE@XZ) 외부 기호를 확인할 수 없습니다.
     1>game.obj : error LNK2019: "__declspec(dllimport) public: __thiscall sf::Texture::~Texture(void)" (__imp_??1Texture@sf@@QAE@XZ) 외부 기호(참조 위치: "public: int __thiscall Game::Run(void)" (?Run@Game@@QAEHXZ) 함수)에서 확인하지 못했습니다.
     1>main.obj : error LNK2001: "__declspec(dllimport) public: __thiscall sf::Texture::~Texture(void)" (__imp_??1Texture@sf@@QAE@XZ) 외부 기호를 확인할 수 없습니다.
     1>game.obj : error LNK2019: "__declspec(dllimport) public: bool __thiscall sf::Texture::loadFromFile(class std::basic_string<char,struct std::char_traits<char>,class std::allocator<char> > const &,class sf::Rect<int> const &)" (__imp_?loadFromFile@Texture@sf@@QAE_NABV?$basic_string@DU?$char_traits@D@std@@V?$allocator@D@2@@std@@ABV?$Rect@H@2@@Z) 외부 기호(참조 위치: "public: int __thiscall Game::Run(void)" (?Run@Game@@QAEHXZ) 함수)에서 확인하지 못했습니다.
     1>main.obj : error LNK2001: "__declspec(dllimport) public: bool __thiscall sf::Texture::loadFromFile(class std::basic_string<char,struct std::char_traits<char>,class std::allocator<char> > const &,class sf::Rect<int> const &)" (__imp_?loadFromFile@Texture@sf@@QAE_NABV?$basic_string@DU?$char_traits@D@std@@V?$allocator@D@2@@std@@ABV?$Rect@H@2@@Z) 외부 기호를 확인할 수 없습니다.
     1>game.obj : error LNK2019: "__declspec(dllimport) public: __thiscall sf::RectangleShape::RectangleShape(class sf::Vector2<float> const &)" (__imp_??0RectangleShape@sf@@QAE@ABV?$Vector2@M@1@@Z) 외부 기호(참조 위치: "public: int __thiscall Game::Run(void)" (?Run@Game@@QAEHXZ) 함수)에서 확인하지 못했습니다.
     1>main.obj : error LNK2001: "__declspec(dllimport) public: __thiscall sf::RectangleShape::RectangleShape(class sf::Vector2<float> const &)" (__imp_??0RectangleShape@sf@@QAE@ABV?$Vector2@M@1@@Z) 외부 기호를 확인할 수 없습니다.
     1>game.obj : error LNK2019: "__declspec(dllimport) public: virtual __thiscall sf::RectangleShape::~RectangleShape(void)" (__imp_??1RectangleShape@sf@@UAE@XZ) 외부 기호(참조 위치: "public: int __thiscall Game::Run(void)" (?Run@Game@@QAEHXZ) 함수)에서 확인하지 못했습니다.
     1>main.obj : error LNK2001: "__declspec(dllimport) public: virtual __thiscall sf::RectangleShape::~RectangleShape(void)" (__imp_??1RectangleShape@sf@@UAE@XZ) 외부 기호를 확인할 수 없습니다.
     1>game.obj : error LNK2019: "__declspec(dllimport) public: void __thiscall sf::RenderTarget::clear(class sf::Color const &)" (__imp_?clear@RenderTarget@sf@@QAEXABVColor@2@@Z) 외부 기호(참조 위치: "public: int __thiscall Game::Run(void)" (?Run@Game@@QAEHXZ) 함수)에서 확인하지 못했습니다.
     1>main.obj : error LNK2001: "__declspec(dllimport) public: void __thiscall sf::RenderTarget::clear(class sf::Color const &)" (__imp_?clear@RenderTarget@sf@@QAEXABVColor@2@@Z) 외부 기호를 확인할 수 없습니다.
     1>game.obj : error LNK2019: "__declspec(dllimport) public: void __thiscall sf::RenderTarget::draw(class sf::Drawable const &,class sf::RenderStates const &)" (__imp_?draw@RenderTarget@sf@@QAEXABVDrawable@2@ABVRenderStates@2@@Z) 외부 기호(참조 위치: "public: int __thiscall Game::Run(void)" (?Run@Game@@QAEHXZ) 함수)에서 확인하지 못했습니다.
     1>main.obj : error LNK2001: "__declspec(dllimport) public: void __thiscall sf::RenderTarget::draw(class sf::Drawable const &,class sf::RenderStates const &)" (__imp_?draw@RenderTarget@sf@@QAEXABVDrawable@2@ABVRenderStates@2@@Z) 외부 기호를 확인할 수 없습니다.
     1>game.obj : error LNK2019: "__declspec(dllimport) public: __thiscall sf::Sprite::Sprite(void)" (__imp_??0Sprite@sf@@QAE@XZ) 외부 기호(참조 위치: "public: int __thiscall Game::Run(void)" (?Run@Game@@QAEHXZ) 함수)에서 확인하지 못했습니다.
     1>game.obj : error LNK2019: "__declspec(dllimport) public: void __thiscall sf::Sprite::setTexture(class sf::Texture const &,bool)" (__imp_?setTexture@Sprite@sf@@QAEXABVTexture@2@_N@Z) 외부 기호(참조 위치: "public: int __thiscall Game::Run(void)" (?Run@Game@@QAEHXZ) 함수)에서 확인하지 못했습니다.
     1>game.obj : error LNK2019: "__declspec(dllimport) public: virtual __thiscall sf::Sprite::~Sprite(void)" (__imp_??1Sprite@sf@@UAE@XZ) 외부 기호(참조 위치: "public: int __thiscall Game::Run(void)" (?Run@Game@@QAEHXZ) 함수)에서 확인하지 못했습니다.
     1>game.obj : error LNK2019: "__declspec(dllimport) public: void __thiscall sf::SoundStream::play(void)" (__imp_?play@SoundStream@sf@@QAEXXZ) 외부 기호(참조 위치: "public: int __thiscall Game::Run(void)" (?Run@Game@@QAEHXZ) 함수)에서 확인하지 못했습니다.
     1>main.obj : error LNK2001: "__declspec(dllimport) public: void __thiscall sf::SoundStream::play(void)" (__imp_?play@SoundStream@sf@@QAEXXZ) 외부 기호를 확인할 수 없습니다.
     1>game.obj : error LNK2019: "__declspec(dllimport) public: __thiscall sf::Music::Music(void)" (__imp_??0Music@sf@@QAE@XZ) 외부 기호(참조 위치: "public: int __thiscall Game::Run(void)" (?Run@Game@@QAEHXZ) 함수)에서 확인하지 못했습니다.
     1>main.obj : error LNK2001: "__declspec(dllimport) public: __thiscall sf::Music::Music(void)" (__imp_??0Music@sf@@QAE@XZ) 외부 기호를 확인할 수 없습니다.
     1>game.obj : error LNK2019: "__declspec(dllimport) public: virtual __thiscall sf::Music::~Music(void)" (__imp_??1Music@sf@@UAE@XZ) 외부 기호(참조 위치: "public: int __thiscall Game::Run(void)" (?Run@Game@@QAEHXZ) 함수)에서 확인하지 못했습니다.
     1>main.obj : error LNK2001: "__declspec(dllimport) public: virtual __thiscall sf::Music::~Music(void)" (__imp_??1Music@sf@@UAE@XZ) 외부 기호를 확인할 수 없습니다.
     1>game.obj : error LNK2019: "__declspec(dllimport) public: bool __thiscall sf::Music::openFromFile(class std::basic_string<char,struct std::char_traits<char>,class std::allocator<char> > const &)" (__imp_?openFromFile@Music@sf@@QAE_NABV?$basic_string@DU?$char_traits@D@std@@V?$allocator@D@2@@std@@@Z) 외부 기호(참조 위치: "public: int __thiscall Game::Run(void)" (?Run@Game@@QAEHXZ) 함수)에서 확인하지 못했습니다.
     1>main.obj : error LNK2001: "__declspec(dllimport) public: bool __thiscall sf::Music::openFromFile(class std::basic_string<char,struct std::char_traits<char>,class std::allocator<char> > const &)" (__imp_?openFromFile@Music@sf@@QAE_NABV?$basic_string@DU?$char_traits@D@std@@V?$allocator@D@2@@std@@@Z) 외부 기호를 확인할 수 없습니다.
     1>game.obj : error LNK2001: "__declspec(dllimport) public: static class sf::RenderStates const sf::RenderStates::Default" (__imp_?Default@RenderStates@sf@@2V12@B) 외부 기호를 확인할 수 없습니다.
     1>main.obj : error LNK2019: "__declspec(dllimport) public: static class sf::RenderStates const sf::RenderStates::Default" (__imp_?Default@RenderStates@sf@@2V12@B) 외부 기호(참조 위치: "protected: void __thiscall std::basic_stringbuf<char,struct std::char_traits<char>,class std::allocator<char> >::_Tidy(void)" (?_Tidy@?$basic_stringbuf@DU?$char_traits@D@std@@V?$allocator@D@2@@std@@IAEXXZ) 함수)에서 확인하지 못했습니다.
     1>game.obj : error LNK2001: "__declspec(dllimport) public: static class sf::Color const sf::Color::Red" (__imp_?Red@Color@sf@@2V12@B) 외부 기호를 확인할 수 없습니다.
     1>main.obj : error LNK2019: "__declspec(dllimport) public: static class sf::Color const sf::Color::Red" (__imp_?Red@Color@sf@@2V12@B) 외부 기호(참조 위치: "protected: void __thiscall std::basic_stringbuf<char,struct std::char_traits<char>,class std::allocator<char> >::_Tidy(void)" (?_Tidy@?$basic_stringbuf@DU?$char_traits@D@std@@V?$allocator@D@2@@std@@IAEXXZ) 함수)에서 확인하지 못했습니다.
     1>main.obj : error LNK2019: "__declspec(dllimport) public: __thiscall sf::String::String(char const *,class std::locale const &)" (__imp_??0String@sf@@QAE@PBDABVlocale@std@@@Z) 외부 기호(참조 위치: _main 함수)에서 확인하지 못했습니다.
     1>main.obj : error LNK2019: "__declspec(dllimport) public: __thiscall sf::String::String(class std::basic_string<char,struct std::char_traits<char>,class std::allocator<char> > const &,class std::locale const &)" (__imp_??0String@sf@@QAE@ABV?$basic_string@DU?$char_traits@D@std@@V?$allocator@D@2@@std@@ABVlocale@3@@Z) 외부 기호(참조 위치: _main 함수)에서 확인하지 못했습니다.
     1>main.obj : error LNK2019: "__declspec(dllimport) public: __thiscall sf::String::~String(void)" (__imp_??1String@sf@@QAE@XZ) 외부 기호(참조 위치: _main 함수)에서 확인하지 못했습니다.
     1>main.obj : error LNK2019: "__declspec(dllimport) public: static class sf::Vector2<int> __cdecl sf::Mouse::getPosition(class sf::Window const &)" (__imp_?getPosition@Mouse@sf@@SA?AV?$Vector2@H@2@ABVWindow@2@@Z) 외부 기호(참조 위치: _main 함수)에서 확인하지 못했습니다.
     1>main.obj : error LNK2019: "__declspec(dllimport) public: __thiscall sf::VideoMode::VideoMode(unsigned int,unsigned int,unsigned int)" (__imp_??0VideoMode@sf@@QAE@III@Z) 외부 기호(참조 위치: _main 함수)에서 확인하지 못했습니다.
     1>main.obj : error LNK2019: "__declspec(dllimport) public: __thiscall sf::Font::Font(void)" (__imp_??0Font@sf@@QAE@XZ) 외부 기호(참조 위치: _main 함수)에서 확인하지 못했습니다.
     1>main.obj : error LNK2019: "__declspec(dllimport) public: __thiscall sf::Font::~Font(void)" (__imp_??1Font@sf@@QAE@XZ) 외부 기호(참조 위치: _main 함수)에서 확인하지 못했습니다.
     1>main.obj : error LNK2019: "__declspec(dllimport) public: bool __thiscall sf::Font::loadFromFile(class std::basic_string<char,struct std::char_traits<char>,class std::allocator<char> > const &)" (__imp_?loadFromFile@Font@sf@@QAE_NABV?$basic_string@DU?$char_traits@D@std@@V?$allocator@D@2@@std@@@Z) 외부 기호(참조 위치: _main 함수)에서 확인하지 못했습니다.
     1>main.obj : error LNK2019: "__declspec(dllimport) public: __thiscall sf::RenderWindow::RenderWindow(class sf::VideoMode,class sf::String const &,unsigned int,struct sf::ContextSettings const &)" (__imp_??0RenderWindow@sf@@QAE@VVideoMode@1@ABVString@1@IABUContextSettings@1@@Z) 외부 기호(참조 위치: _main 함수)에서 확인하지 못했습니다.
     1>main.obj : error LNK2019: "__declspec(dllimport) public: virtual __thiscall sf::RenderWindow::~RenderWindow(void)" (__imp_??1RenderWindow@sf@@UAE@XZ) 외부 기호(참조 위치: _main 함수)에서 확인하지 못했습니다.
     1>main.obj : error LNK2019: "__declspec(dllimport) public: __thiscall sf::Text::Text(void)" (__imp_??0Text@sf@@QAE@XZ) 외부 기호(참조 위치: _main 함수)에서 확인하지 못했습니다.
     1>main.obj : error LNK2019: "__declspec(dllimport) public: void __thiscall sf::Text::setString(class sf::String const &)" (__imp_?setString@Text@sf@@QAEXABVString@2@@Z) 외부 기호(참조 위치: _main 함수)에서 확인하지 못했습니다.
     1>main.obj : error LNK2019: "__declspec(dllimport) public: void __thiscall sf::Text::setFont(class sf::Font const &)" (__imp_?setFont@Text@sf@@QAEXABVFont@2@@Z) 외부 기호(참조 위치: _main 함수)에서 확인하지 못했습니다.
     1>main.obj : error LNK2019: "__declspec(dllimport) public: void __thiscall sf::Text::setCharacterSize(unsigned int)" (__imp_?setCharacterSize@Text@sf@@QAEXI@Z) 외부 기호(참조 위치: _main 함수)에서 확인하지 못했습니다.
     1>main.obj : error LNK2019: "__declspec(dllimport) public: void __thiscall sf::Text::setColor(class sf::Color const &)" (__imp_?setColor@Text@sf@@QAEXABVColor@2@@Z) 외부 기호(참조 위치: _main 함수)에서 확인하지 못했습니다.
     1>main.obj : error LNK2019: "__declspec(dllimport) public: virtual __thiscall sf::Text::~Text(void)" (__imp_??1Text@sf@@UAE@XZ) 외부 기호(참조 위치: _main 함수)에서 확인하지 못했습니다.
     1>main.obj : error LNK2019: "__declspec(dllimport) public: void __thiscall sf::SoundSource::setVolume(float)" (__imp_?setVolume@SoundSource@sf@@QAEXM@Z) 외부 기호(참조 위치: _main 함수)에서 확인하지 못했습니다.
     1>main.obj : error LNK2019: "__declspec(dllimport) public: void __thiscall sf::SoundStream::stop(void)" (__imp_?stop@SoundStream@sf@@QAEXXZ) 외부 기호(참조 위치: _main 함수)에서 확인하지 못했습니다.
     1>main.obj : error LNK2019: "__declspec(dllimport) public: __thiscall sf::Sound::Sound(void)" (__imp_??0Sound@sf@@QAE@XZ) 외부 기호(참조 위치: _main 함수)에서 확인하지 못했습니다.
     1>main.obj : error LNK2019: "__declspec(dllimport) public: virtual __thiscall sf::Sound::~Sound(void)" (__imp_??1Sound@sf@@UAE@XZ) 외부 기호(참조 위치: _main 함수)에서 확인하지 못했습니다.
     1>main.obj : error LNK2019: "__declspec(dllimport) public: void __thiscall sf::Sound::play(void)" (__imp_?play@Sound@sf@@QAEXXZ) 외부 기호(참조 위치: _main 함수)에서 확인하지 못했습니다.
     1>main.obj : error LNK2019: "__declspec(dllimport) public: void __thiscall sf::Sound::setBuffer(class sf::SoundBuffer const &)" (__imp_?setBuffer@Sound@sf@@QAEXABVSoundBuffer@2@@Z) 외부 기호(참조 위치: _main 함수)에서 확인하지 못했습니다.
     1>main.obj : error LNK2019: "__declspec(dllimport) public: __thiscall sf::SoundBuffer::SoundBuffer(void)" (__imp_??0SoundBuffer@sf@@QAE@XZ) 외부 기호(참조 위치: _main 함수)에서 확인하지 못했습니다.
     1>main.obj : error LNK2019: "__declspec(dllimport) public: __thiscall sf::SoundBuffer::~SoundBuffer(void)" (__imp_??1SoundBuffer@sf@@QAE@XZ) 외부 기호(참조 위치: _main 함수)에서 확인하지 못했습니다.
     1>main.obj : error LNK2019: "__declspec(dllimport) public: bool __thiscall sf::SoundBuffer::loadFromFile(class std::basic_string<char,struct std::char_traits<char>,class std::allocator<char> > const &)" (__imp_?loadFromFile@SoundBuffer@sf@@QAE_NABV?$basic_string@DU?$char_traits@D@std@@V?$allocator@D@2@@std@@@Z) 외부 기호(참조 위치: _main 함수)에서 확인하지 못했습니다.
     1>main.obj : error LNK2001: "__declspec(dllimport) public: static class sf::Color const sf::Color::Black" (__imp_?Black@Color@sf@@2V12@B) 외부 기호를 확인할 수 없습니다.
     1>C:\Users\kr001\Desktop\홍홍\2016 2학기\오픈소스SW공학\fightingGame\Debug\fightingGame.exe : fatal error LNK1120: 58개의 확인할 수 없는 외부 참조입니다.
     1>"C:\Users\kr001\Desktop\홍홍\2016 2학기\오픈소스SW공학\fightingGame\fightingGame.vcxproj" 프로젝트를 빌드했습니다(Build 대상). - 실패

빌드하지 못했습니다.

경과 시간: 00:00:01.47
