빌드 시작: 2016-10-24 오후 7:18:56
     1>2 노드의 "C:\Users\kr001\Desktop\홍홍\2016 2학기\오픈소스SW공학\fightingGame\fightingGame.vcxproj" 프로젝트(Build 대상)입니다.
     1>ClCompile:
         C:\Program Files (x86)\Microsoft Visual Studio 11.0\VC\bin\CL.exe /c /Zi /nologo /W3 /WX- /O2 /Oi /Oy- /GL /D WIN32 /D NDEBUG /D _CONSOLE /D _UNICODE /D UNICODE /Gm- /EHsc /MD /GS /Gy /fp:precise /Zc:wchar_t /Zc:forScope /Fo"Release\\" /Fd"Release\vc110.pdb" /Gd /TP /analyze- /errorReport:prompt game.cpp
         game.cpp
     1>C:\Users\kr001\Downloads\SFML-2.4.0-windows-vc11-32-bit\SFML-2.4.0\include\SFML/Window/WindowHandle.hpp : warning C4819: 현재 코드 페이지(949)에서 표시할 수 없는 문자가 파일에 들어 있습니다. 데이터가 손실되지 않게 하려면 해당 파일을 유니코드 형식으로 저장하십시오.
     1>game.cpp(13): warning C4305: '=' : 'double'에서 'float'(으)로 잘립니다.
     1>game.cpp(132): warning C4244: '인수' : 'float'에서 'int'(으)로 변환하면서 데이터가 손실될 수 있습니다.
     1>game.cpp(136): warning C4244: '+=' : 'double'에서 'float'(으)로 변환하면서 데이터가 손실될 수 있습니다.
     1>game.cpp(159): warning C4244: '인수' : 'float'에서 'int'(으)로 변환하면서 데이터가 손실될 수 있습니다.
     1>game.cpp(187): warning C4244: '인수' : 'float'에서 'int'(으)로 변환하면서 데이터가 손실될 수 있습니다.
     1>game.cpp(190): warning C4244: '+=' : 'double'에서 'float'(으)로 변환하면서 데이터가 손실될 수 있습니다.
     1>game.cpp(217): warning C4244: '인수' : 'float'에서 'int'(으)로 변환하면서 데이터가 손실될 수 있습니다.
     1>game.cpp(228): warning C4305: '*=' : 'double'에서 'float'(으)로 잘립니다.
     1>game.cpp(229): warning C4305: '*=' : 'double'에서 'float'(으)로 잘립니다.
     1>game.cpp(246): warning C4244: '인수' : 'float'에서 'int'(으)로 변환하면서 데이터가 손실될 수 있습니다.
     1>game.cpp(253): warning C4305: '*=' : 'double'에서 'float'(으)로 잘립니다.
     1>game.cpp(254): warning C4305: '*=' : 'double'에서 'float'(으)로 잘립니다.
     1>game.cpp(289): warning C4244: '인수' : 'float'에서 'int'(으)로 변환하면서 데이터가 손실될 수 있습니다.
     1>game.cpp(293): warning C4244: '인수' : 'float'에서 'int'(으)로 변환하면서 데이터가 손실될 수 있습니다.
       Link:
         C:\Program Files (x86)\Microsoft Visual Studio 11.0\VC\bin\link.exe /ERRORREPORT:PROMPT /OUT:"C:\Users\kr001\Desktop\홍홍\2016 2학기\오픈소스SW공학\fightingGame\Release\fightingGame.exe" /INCREMENTAL /NOLOGO flac.lib freetype.lib jpeg.lib ogg.lib openal32.lib "sfml-audio.lib" "sfml-audio-s.lib" "sfml-graphics.lib" "sfml-graphics-s.lib" "sfml-main.lib" "sfml-network.lib" "sfml-network-s.lib" "sfml-system.lib" "sfml-window.lib" "sfml-window-s.lib" vorbis.lib vorbisenc.lib vorbisfile.lib kernel32.lib user32.lib gdi32.lib winspool.lib comdlg32.lib advapi32.lib shell32.lib ole32.lib oleaut32.lib uuid.lib odbc32.lib odbccp32.lib /MANIFEST /MANIFESTUAC:"level='asInvoker' uiAccess='false'" /manifest:embed /PDB:"C:\Users\kr001\Desktop\홍홍\2016 2학기\오픈소스SW공학\fightingGame\Release\fightingGame.pdb" /SUBSYSTEM:CONSOLE /OPT:REF /OPT:ICF /LTCG /TLBID:1 /DYNAMICBASE /NXCOMPAT /IMPLIB:"C:\Users\kr001\Desktop\홍홍\2016 2학기\오픈소스SW공학\fightingGame\Release\fightingGame.lib" /MACHINE:X86 /SAFESEH Release\character.obj
         Release\game.obj
         Release\main.obj
     1>LINK : warning LNK4075: '/INCREMENTAL'이(가) '/LTCG' 사양으로 인해 무시됩니다.
         코드를 생성하고 있습니다.
         코드를 생성했습니다.
         fightingGame.vcxproj -> C:\Users\kr001\Desktop\홍홍\2016 2학기\오픈소스SW공학\fightingGame\Release\fightingGame.exe
     1>"C:\Users\kr001\Desktop\홍홍\2016 2학기\오픈소스SW공학\fightingGame\fightingGame.vcxproj" 프로젝트를 빌드했습니다(Build 대상).

빌드했습니다.

경과 시간: 00:00:02.58
